<!DOCTYPE html>
<html>
<body style="	COLOR:#000000;	TEXT-ALIGN:center;	FONT-SIZE:1px;">
<p style="	white-space:pre;	FONT-FAMILY:New Courier;	FONT-SIZE:0.585938rem;	LETTER-SPACING:0.15em;	LINE-HEIGHT:0.800000em;">
8888888888888888888888888888888888888888888888888888888888888888888888888888888888888888888888888888888888888888888888888888888888888888888888888888888888888888888888888888888888888888888888888888888888888888888888888888888888888888888888888888888888888888
8888888888888888888888888888888888888888888888888888888888888888888888888888888888888888888888888888888888888888888888888888888888888888888888888888888888888888888888888888888888888888888888888888888888888888888888888888888888888888888888888888888888888888
8888888888888888888888888888888888888888888888888888888888888888888888888888888888888888888888888888888888888888888888888888888888888888888888888888888888888888888888888888888888888888888888888888888888888888888888888888888888888888888888888888888888888888
8888888888888888888888888888888888888888888888888888888888888888888888888888888888888888888888888888888888888888888888888888888888888888888888888888888888888888888888888888888888888888888888888888888888888888888888888888888888888888888888888888888888888888
8888888888888888888888888888888888888888888888888888888888888888888888888888888888888888888888888888888888888888888888888888888888888888888888888888888888888888888888888888888888888888888888888888888888888888888888888888888888888888888888888888888888888888
8888888888888888888888888888888888888888888888888888888888888888888888888888888888888888888888888888888888888888888888888888888888888888888888888888888888888888888888888888888888888888888888888888888888888888888888888888888888888888888888888888888888888888
8888888888888888888888888888888888888888888888888888888888888888888888888888888888888888888888888888888888888888888888888888888888888888888888888888888888888888888888888888888888888888888888888888888888888888888888888888888888888888888888888888888888888888
8888888888888888888888888888888888888888888888888888888888888888888888888888888888888888888888888888888888888888888888888888888888888888888888888888888888888888888888888888888888888888888888888888888888888888888888888888888888888888888888888888888888888888
8888888888888888888888888888888888888888888888888888888888888888888888888888888888888888888888888888888888888888888888888888888888888888888888888888888888888888888888888888888888888888888888888888888888888888888888888888888888888888888888888888888888888888
8888888888888888888888888888888888888888888888888888888888888888888888888888888888888888888888888888888888888888888888888888888888888888888888888888888888888888888888888888888888888888888888888888888888888888888888888888888888888888888888888888888888888888
8888888888888888888888888888888888888888888888888888888888888888888888888888888888888888888888888888888888888888888888888888888888888888888888888888888888888888888888888888888888888888888888888888888888888888888888888888888888888888888888888888888888888888
8888888888888888888888888888888888888888888888888888888888888888888888888888888888888888888888888888888888888888888888888888888888888888888888888888888888888888888888888888888888888888888888888888888888888888888888888888888888888888888888888888888888888888
8888888888888888888888888888888888888888888888888888888888888888888888888888888888888888888888888888888888888888888888888888888888888888888888888888888888888888888888888888888888888888888888888888888888888888888888888888888888888888888888888888888888888888
8888888888888888888888888888888888888888888888888888888888888888888888888888888888888888888888888888888888888888888888888888888888888888888888888888888888888888888888888888888888888888888888888888888888888888888888888888888888888888888888888888888888888888
8888888888888888888888888888888888888888888888888888888888888888888888888888888888888888888888888888888888888888888888888888888888888888888888888888888888888888888888888888888888888888888888888888888888888888888888888888888888888888888888888888888888888888
8888888888888888888888888888888888888888888888888888888888888888888888888888888888888888888888888888888888888888888888888888888888888888888888888888888888888888888888888888888888888888888888888888888888888888888888888888888888888888888888888888888888888888
8888888888888888888888888888888888888888888888888888888888888888888888888888888888888888888888888888888888888888888888888888888888888888888888888888888888888888888888888888888888888888888888888888888888888888888888888888888888888888888888888888888888888888
8888888888888888888888888888888888888888888888888888888888888888888888888888888888888888888888888888888888888888888888888888888888888888888888888888888888888888888888888888888888888888888888888888888888888888888888888888888888888888888888888888888888888888
8888888888888888888888888888888888888888888888888888888888888888888888888888888888888888888888888888888888888888888888888888888888888888888888888888888888888888888888888888888888888888888888888888888888888888888888888888888888888888888888888888888888888888
8888888888888888888888888888888888888888888888888888888888888888888888888888888888888888888888888888888888888888888888888888888888888888888888888888888888888888888888888888888888888888888888888888888888888888888888888888888888888888888888888888888888888888
8888888888888888888888888888888888888888888888888888888888888888888888888888888888888888888888888888888888888888888888888888888888888888888888888888888888888888888888888888888888888888888888888888888888888888888888888888888888888888888888888888888888888888
8888888888888888888888888888888888888888888888888888888888888888888888888888888888888888888888888888888888888888888888888888888888888888888888888888888888888888888888888888888888888888888888888888888888888888888888888888888888888888888888888888888888888888
8888888888888888888888888888888888888888888888888888888888888888888888888888888888888888888888888888888888888888888888888888888888888888888888888888888888888888888888888888888888888888888888888888888888888888888888888888888888888888888888888888888888888888
8888888888888888888888888888888888888888888888888888888888888888888888888888888888888888888888888888888888888888888888888888888888888888888888888888888888888888888888888888888888888888888888888888888888888888888888888888888888888888888888888888888888888888
8888888888888888888888888888888888888888888888888888888888888888888888888888888888888888888888888888888888888888888888888888888888888888888888888888888888888888888888888888888888888888888888888888888888888888888888888888888888888888888888888888888888888888
8888888888888888888888888888888888888888888888888888888888888888888888888888888888888888888888888888888888888888888888888888888888888888888888888888888888888888888888888888888888888888888888888888888888888888888888888888888888888888888888888888888888888888
8888888888888888888888888888888888888888888888888888888888888888888888888888888888888888888888888888888888888888888888888888888888888888888888888888888888888888888888888888888888888888888888888888888888888888888888888888888888888888888888888888888888888888
8888888888888888888888888888888888888888888888888888888888888888888888888888888888888888888888888888888888888888888888888888888888888888888888888888888888888888888888888888888888888888888888888888888888888888888888888888888888888888888888888888888888888888
8888888888888888888888888888888888888888888888888888888888888888888888888888888888888888888888888888888888888888888888888888888888888888888888888888888888888888888888888888888888888888888888888888888888888888888888888888888888888888888888888888888888888888
8888888888888888888888888888888888888888888888888888888888888888888888888888888888888888888888888888888888888888888888888888888888888888888888888888888888888888888888888888888888888888888888888888888888888888888888888888888888888888888888888888888888888888
8888888888888888888888888888888888888888888888888888888888888888888888888888888888888888888888888888888888888888888888888888888888888888888888888888888888888888888888888888888888888888888888888888888888888888888888888888888888888888888888888888888888888888
8888888888888888888888888888888888888888888888888888888888888888888888888888888888888888888888888888888888888888888888888888888888888888888888888888888888888888888888888888888888888888888888888888888888888888888888888888888888888888888888888888888888888888
8888888888888888888888888888888888888888888888888888888888888888888888888888888888888888888888888888888888888888888888888888888888888888888888888888888888888888888888888888888888888888888888888888888888888888888888888888888888888888888888888888888888888888
8888888888888888888888888888888888888888888888888888888888888888888888888888888888888888888888888888888888888888888888888888888888888888888888888888888888888888888888888888888888888888888888888888888888888888888888888888888888888888888888888888888888888888
8888888888888888888888888888888888888888888888888888888888888888888888888888888888888888888888888888888888888888888888888888888888888888888888888888888888888888888888888888888888888888888888888888888888888888888888888888888888888888888888888888888888888888
8888888888888888888888888888888888888888888888888888888888888888888888888888888888888888888888888888888888888888888888888888888888888888888888888888888888888888888888888888888888888888888888888888888888888888888888888888888888888888888888888888888888888888
8888888888888888888888888888888888888888888888888888888888888888888888888888888888888888888888888888888888888888888888888888888888888888888888888888888888888888888888888888888888888888888888888888888888888888888888888888888888888888888888888888888888888888
8888888888888888888888888888888888888888888888888888888888888888888888888888888888888888888888888888888888888888888888888888888888888888888888888888888888888888888888888888888888888888888888888888888888888888888888888888888888888888888888888888888888888888
8888888888888888888888888888888888888888888888888888888888888888888888888888888888888888888888888888888888888888888888888888888888888888888888888888888888888888888888888888888888888888888888888888888888888888888888888888888888888888888888888888888888888888
8888888888888888888888888888888888888888888888888888888888888888888888888888888888888888888888888888888888888888888888888888888888888888888888888888888888888888888888888888888888888888888888888888888888888888888888888888888888888888888888888888888888888888
8888888888888888888888888888888888888888888888888888888888888888888888888888888888888888888888888888888888888888888888888888888888888888888888888888888888888888888888888888888888888888888888888888888888888888888888888888888888888888888888888888888888888888
8888888888888888888888888888888888888888888888888888888888888888888888888888888888888888888888888888888888888888888888888888888888888888888888888888888888888888888888888888888888888888888888888888888888888888888888888888888888888888888888888888888888888888
8888888888888888888888888888888888888888888888888888888888888888888888888888888888888888888888888888888888888888888888888888888888888888888888888888888888888888888888888888888888888888888888888888888888888888888888888888888888888888888888888888888888888888
8888888888888888888888888888888888888888888888888888888888888888888888888888888888888888888888888888888888888888888888888888888888888888888888888888888888888888888888888888888888888888888888888888888888888888888888888888888888888888888888888888888888888888
8888888888888888888888888888888888888888888888888888888888888888888888888888888888888888888888888888888888888888888888888888888888888888888888888888888888888888888888888888888888888888888888888888888888888888888888888888888888888888888888888888888888888888
8888888888888888888888888888888888888888888888888888888888888888888888888888888888888888888888888888888888888888888888888888888888888888888888888888888888888888888888888888888888888888888888888888888888888888888888888888888888888888888888888888888888888888
8888888888888888888888888888888888888888888888888888888888888888888888888888888888888888888888888888888888888888888888888888888888888888888888888888888888888888888888888888888888888888888888888888888888888888888888888888888888888888888888888888888888888888
8888888888888888888888888888888888888888888888888888888888888888888888888888888888888888888888888888888888888888888888888888888888888888888888888888888888888888888888888888888888888888888888888888888888888888888888888888888888888888888888888888888888888888
8888888888888888888888888888888888888888888888888888888888888888888888888888888888888888888888888888888888888888888888888888888222222888882222222222228822222222228882888822288822222888888888882288228888882228888888888888888888888888888888888888888888888888
8888888888888888888888888888888888888888888888888888888888888888888888888888888888888888888888888888888888888888888888888888882222222888888222222222228888822292228882888822288822222888888888882222222888882228888888888888888888888888888888888888888888888888
8888888888888888888888888888888888888888888888888888888888888888888888888888888888888888888888888888888882888888888888888888888888222228222222222888882282229332222222288888882882222888888888888222222888888828888888888888888888888888888888888888888888888888
8888888888888888888888888888888888888888888888888888888888888888888888888888888888888888888888888888888888888888888888888888888888828888222222222888882282233332222222288888882822222888888888882222222888882228888888888888888888888888888888888888888888888888
8888888888888888888888888888888888888888888888888888888888888888888888888888888888888888888888888888888888888888888888888888888288222222222222222888888229333339222288888822888888882288888822228882222888228828888888888888888888888888888888888888888888888888
8888888888888888888888888888888888888888888888888888888888888888888888888888888888888888888888888888888888888888888888888888882288822222222222222888882293333339282288888822288888882222288822228882222888222228888888888888888888888888888888888888888888888888
8888888888888888888888888888888888888888888888888888888888888888888888888888888888888888828888888888888888888888888888888888888888888288822222222888222933333333228288888822288888822222288822228888222888882228888888888888888888888888888888888888888888888888
8888888888888888888888888888888888888888888888888888888888888888888888888888888888888888822288888888888888888888888888888888888888888288222222222888229333333333222288888888888888822222288822228888228888222228888888888888888888888888888888888888888888888888
8888888888888888888888888888888888888888888888888888888888888888888888888888888888888888822222888888888888888888888888888888888888888822222288888882293333333333222228882228222228222822222888882288222288222228888888888888888888888888888888888888888888888888
8888888888888888888888888888888888888888888888888888888888888888888888888888888888888888829339288888888888888888888888888888888888888882222288888822933333333333222228882228888888822822222888882288822228222228888888888888888888888888888888888888888888888888
8888888888888888888888888888888888888888888888888888888888888888888888888888888888888888823333392888888888888888888888888888888888888222222288888829339933333333222228888888222888882222222228882222222222888828888888888888888888888888888888888888888888888888
8888888888888888888888888888888888888888888888888888888888888888888888888888888888888888823333399228888888888888888888888888888888882288222288882229399993333333228888888888222228882222222228882222222288888828888888888888888888888888888888888888888888888888
8888888888888888888888888888888888888888888888888888888888888888888888888888888888888888823333339992888888888888888888888888882288888222222288282293999999333333228822228822882888222222222222282822222288222228888888888888888888888888888888888888888888888888
8888888888888888888888888888888888888888888888888888888888888888888888888888888888888888823333999999228888888888888888888888882288888222222288282239999999933333222888882222282888222222222222282882222288222228888888888888888888888888888888888888888888888888
8888888888888888888888888888888888888888888888888888888888888888888888888888888888888888823333999999928888888888888888888888888888888888822288222999999999993333222222222222222222222228822282288288882288888828888888888888888888888888888888888888888888888888
8888888888888888888888888888888888888888888888888888888888888888888888888888888888888888823333999999992888888888888888888888888888888888222288229399992222993933988882222222222222228228828882282288882288888828888888888888888888888888888888888888888888888888
8888888888888888888888888888888888888888888888888888888888888888888888888888888888888888823333999999999288888888888888888888888888882288888222293999922222999933928882222222222222288228882222882288222222228228888888888888888888888888888888888888888888888888
8888888888888888888888888888888888888888888888888888888888888888888888888888888888888888823339999929999928888888888888888888888888882288888222293999922299999933928882222222222822288228888228888288822222228228888888888888888888888888888888888888888888888888
8888888888888888888888888888888888888888888888888888888888888888888888888888888888888888829339992222999922888888888888888888888888888882828882999999299999999933988888222822228822888888888222222228822288228828888888888888888888888888888888888888888888888888
8888888888888888888888888888888888888888888888888888888888888888888888888888888888888888889339922222229999288888888888888888888888888822828222999999999999999993222888888822228888888888882222882228822288228888888888888888888888888888888888888888888888888888
8888888888888888888888888888888888888888888888888888888888888888888888888888888888888888882339922222222999228888888888888888888888888822222229999999999999999993222888882222228888888822888282882288228888222288888888888888888888888888888888888888888888888888
8888888888888888888888888888888888888888888888888888888888888888888888888888888888888888882339222222222299922888888888888888888888888222222229999999999999999293222888882222228888888882888288888288828888222288888888888888888888888888888888888888888888888888
8888888888888888888888888888888888888888888888888888888888888888888888888888888888888888882939992222222229992288888888828888888888822222222999999999999999999299222888882222228222888822888888888888288888882288888888888888888888888888888888888888888888888888
8888888888888888888888888888888888888888888888888888888888888888888888888888888888888888882939999222222222999228822222228888882222222299999999999999999999992999228888882222228822888882888882888888888888888888888888888888888888888888888888888888888888888888
8888888888888888888888888888888888888888888888888888888888888888888888888888888888888888888239999222222222999922222222222222222222229933333399999999999999992999888888222222228888888888888888888288882882882888888888888888888888888888888888888888888888888888
8888888888888888888888888888888888888888888888888888888888888888888888888888888888888888888239929992222229999992222922222222229999933333333339999999999999999992888888888222228888888888888822888288888882888888888888888888888888888888888888888888888888888888
8888888888888888888888888888888888888888888888888888888888888888888888888888888888888888888299222222222229999999333333399939333993333333333339339999999999999992888888888888888888888888828882282288888888888288888888888888888888888888888888888888888888888888
8888888888888888888888888888888888888888888888888888888888888888888888888888888888888888888299222922222229999993333333339933333993333333399999339999999999999992888888888888888828828888822282222288888888888288888888888888888888888888888888888888888888888888
8888888888888888888888888888888888888888888888888888888888888888888888888888888888888888888829922292992299999993333933339933333933339333399999999999999999999939888282888888888888888888282888888282228888222888888888888888888888888888888888888888888888888888
8888888888888888888888888888888888888888888888888888888888888888888888888888888888888888888829922299992229999999393993339333333933999333393999999999999999999939288288888828888888888888828888822882228888822888888888888888888888888888888888888888888888888888
8888888888888888888888888888888888888888888888888888888888888888888888888888888888888888888882922222222229999999933922339333333933222933333999999999999999999993288888888888888888888888888888882882228888888888888888888888888888888888888888888888888888888888
8888888888888888888888888888888888888888888888888888888888888888888888888888888888888888888882992222222299999999933922333333333333222933333999333999999999999999288888222888888888888888888888888282228888888888888888888888888888888888888888888888888888888888
8888888888888888888888888888888888888888888888888888888888888888888888888888888888888888888882222222222999999999933922933333333339222233333923333339999999999999282882228888888888888888888888828882222288828888888888888888888888888888888888888888888888888888
8888888888888888888888888888888888888888888888888888888888888888888888888888888888888888888888222222229999999999333322239333333939222293333293333399999993399299222882228888888888888888888888888888822288888888888888888888888888888888888888888888888888888888
8888888888888888888888888888888888888888888888888888888888888888888888888888888888888888888888992222299999993929333322299333339999222293133223333999999933339999888888228828888888822888888888888888888888888888888888888888888888888888888888888888888888888888
8888888888888888888888888888888888888888888888888888888888888888888888888888888888888888888882392222999999993322933322229333333999922293133999999999999933339992888888888888888888228888888888888888888888888888888888888888888888888888888888888888888888888888
8888888888888888888888888888888888888888888888888888888888888888888888888888888888888888888882392229299999999922931322299933333999992293139299999999999933333332288888828888888828888888888888888888888888888888888888888888888888888888888888888888888888888888
8888888888888888888888888888888888888888888888888888888888888888888888888888888888888888888888992299999999999922931322933993333933339999339229999922299933333392222288282888888888888888888888888888888888888888888888888888888888888888888888888888888888888888
8888888888888888888888888888888888888888888888888888888888888888888888888888888888888888888888992999999999999992931399933399333933339929999933113339999333333322222828228888888888888888888888888888888888888888888888888888888888888888888888888888888888888888
8888888888888888888888888888888888888888888888888888888888888888888888888888888888888888888888292999999922222222233399933393333993339222293111111113339333333322222222228888888888888888888888888888888888888888888888888888888888888888888888888888888888888888
8888888888888888888888888888888888888888888888888888888888888888888888888888888888888888888888299999999922229999999922933399333993339222931111111111333333333332222222888888888888888888888888888888888828228888888888888888888888888888888888888888888888888888
8888888888888888888888888888888888888888888888888888888888888888888888888888888888888888888888829999999222931111339222293339333933392222311111113313333111333339288822228882888888888888888888888888888888228888888888888888888888888888888888888888888888888888
8888888888888888888888888888888888888888888888888888888888888888888888888888888888888888888888829399999293111111113922229333333933392229111311119331393331133333228888888888888888882888888888888888888822228888888888888888888888888888888888888888888888888888
8888888888888888888888888888888888888888888888888888888888888888888888888888888888888888888888829999999933111111111192222333333933322223113313713331322933133333222822888888888888882888888888888888888882228888888888888888888888888888888888888888888888888888
8888888888888888888888888888888888888888888888888888888888888888888888888888888888888888888888229993333333133311131139222333333393922291133311171331322933113333922828222288888888882888888888888288888888888888888888888888888888888888888888888888888888888888
8888888888888888888888888888888888888888888888888888888888888888888888888888888888888888888882233933113333333113133313222933333399922231133317111331322933311333922828822288888888882888888888888888888888888888888888888888888888888888888888888888888888888888
8888888888888888888888888888888888888888888888888888888888888888888888888888888888888888888882933331333933333113133311922933333399922231133331713331929333111333322822222228888888888888888828888888888888888888888888888888888888888888888888888888888888888888
8888888888888888888888888888888888888888888888888888888888888888888888888888888888888888888822333333399993333111133311322993333339922931113333133313229333331333322222222228888888888828888828888888888888888888888888888888888888888888888888888888888888888888
8888888888888888888888888888888888888888888888888888888888888888888888888888888888888888888822333313392293333177133311192933333333992333111333333132293333333333392222882288888888888888888822888888888288888888888888888888888888888888888888888888888888888888
8888888888888888888888888888888888888888888888888888888888888888888888888888888888888888888829333113392223133111333311139933333333393313311133333222933333333333332222888288888888888888888822288888888888888828888888888888888888888888888888888888888888888888
8888888888888888888888888888888888888888888888888888888888888888888888888888888888888888888829333133339222333333333111133333333333333311339999222993333333333333339222888288828888888888888822228888888888288828888888888888888888888888888888888888888888888888
8888888888888888888888888888888888888888888888888888888888888888888888888888888888888888888223333133333392233333331311113333333333333311133222299333333333399333339222882288228888888888888822228888822888888828888888888888888888888888888888888888888888888888
8888888888888888888888888888888888888888888888888888888888888888888888888888888888888888888223333333333333922993399311113333333333133311113929933333333333399331139222222288222288888888888888888888888888888888888888888888888888888888888888888888888888888888
8888888888888888888888888888888888888888888888888888888888888888888888888888888888888888888229333333333333339922229311113113333331113111113993333333333333393331132222222288822288888888888888888888888888888888888888888888888888888888888888888888888888888888
8888888888888888888888888888888888888888888888888888888888888888888888888888888888888888888829333333333333333333999311111111333333111111113333333333333333393333132882882288888888888888888888888888888888888888888888888888888888888888888888888888888888888888
8888888888888888888888888888888888888888888888888888888888888888888888888888888888888888888223333393333333333333333311311113333333111113333333333333113333333333392282882288888888888888888882888888888888888888888888888888888888888888888888888888888888888888
8888888888888888888888888888888888888888888888888888888888888888888888888888888888888888888223333393333333333333333313311133333333311133333333333333333311113333392222222222888822288888888822888888888888828888888888888888888888888888888888888888888888888888
8888888888888888888888888888888888888888888888888888888888888888888888888888888888888888888223333999933333333333333333311133333333311133933333333331133311111133392222222222228882288888888822888888888888828888888888888888888888888888888888888888888888888888
8888888888888888888888888888888888888888888888888888888888888888888888888888888888888888882293333999993333333333333333331333399333331139999333333333311111111111332222222222228882888888888888888888882288888888888888888888888888888888888888888888888888888888
8888888888888888888888888888888888888888888888888888888888888888888888888888888888888888888223333399993333333333333399333333399933333399999333333333111133331111332222222222222222888888888888888888888888888888888888888888888888888888888888888888888888888888
8888888888888888888888888888888888888888888888888888888888888888888888888888888888888888888223333333333999333333333999993333399333133922999333333333111333333333392222882288288228888888888888888888888888882288888888888888888888888888888888888888888888888888
8888888888888888888888888888888888888888888888888888888888888888888888888888888888888888888223333331133333333333333999229331333331132222933333333333113333333333392228888288888228888888888888888888888888882828888888888888888888888888888888888888888888888888
8888888888888888888888888888888888888888888888888888888888888888888888888888888888888888882293333311133333333333333399222233333333922229933333333333333333333333392222888288888288888888888888888888888888888828888888888888888888888888888888888888888888888888
8888888888888888888888888888888888888888888888888888888888888888888888888888888888888888882293333333333333333333333339922229333333222222222222229999999999933333392222222288882288888888888888888888888888888828888888888888888888888888888888888888888888888888
8888888888888888888888888888888888888888888888888888888888888888888888888888888888888888822233333333331111133333399922222222933339222222999399229933333333339933992222882228888888828888888888888888888888888828888888888888888888888888888888888888888888888888
8888888888888888888888888888888888888888888888888888888888888888888888888888888888888888822299333333333333339922222299222222233392222222999399222933333333333333922228888882228882888888888888888888888888888828888888888888888888888888888888888888888888888888
8888888888888888888888888888888888888888888888888888888888888888888888888888888888888888822299333333339933333922229999222222229992222222222222222299933333333333922288888822228882288828888888888888888888888888888888888888888888888888888888888888888888888888
8888888888888888888888888888888888888888888888888888888888888888888888888888888888888888822299333333331333333922222222222222229992222222222299992999993333333333922222888822288822288828888888888888888888888888888888888888888888888888888888888888888888888888
8888888888888888888888888888888888888888888888888888888888888888888888888888888888888888822299999993333333922222222222222222293399222222222299999929933333333939922222288822222222228888888888888888888888888288888888888888888888888888888888888888888888888888
8888888888888888888888888888888888888888888888888888888888888888888888888888888888888888822299999933333922999229999992222222993399992222222222222993393333399999922222228888822222828888888888888888888888888228888888888888888888888888888888888888888888888888
8888888888888888888888888888888888888888888888888888888888888888888888888888888888888888822299999999992333399222222222222229933333992929229999999993333999999999222222222888822288888888888888888888888888282288888888888888888888888888888888888888888888888888
8888888888888888888888888888888888888888888888888888888888888888888888888888888888888888822999339999933333933222222222222999333333339999999999999333333339299999222222222888222222888882888888888888888888822288888888888888888888888888888888888888888888888888
8888888888888888888888888888888888888888888888888888888888888888888888888888888888888888222933392993339993339999922222299933333333333333999999999333399999992292222222228882222222288888888888888888888888882228888888888888888888888888888888888888888888888888
8888888888888888888888888888888888888888888888888888888888888888888888888888888888888882229333999339999933923339922922993333333333333333333339993333399999999922222222222882228882288888888888888888882888282228888888888888888888888888888888888888888888888888
8888888888888888888888888888888888888888888888888888888888888888888888888888888888888882223399333399999992233333999999933333399993933333333333333399999299993922222228228222228882888888888888888888888888282228888888888888888888888888888888888888888888888888
8888888888888888888888888888888888888888888888888888888888888888888888888888888888888882293993339993399229339333333999933339999939999333333333333999299999992222222888228882228822888888888888888888888888822228888888888888888888888888888888888888888888888888
8888888888888888888888888888888888888888888888888888888888888888888888888888888888888822999333333333392933393399333333939999999939999999333333333999999999922222222288222222288288888888882888888888882228828228888888888888888888888888888888888888888888888888
8888888888888888888888888888888888888888888888888888888888888888888888888888888888888222933333333333993339933999333333399999999939999933333333339999999392222222222222822222288288888888888888888888888888828228888888888888888888888888888888888888888888888888
8888888888888888888888888888888888888888888888888888888888888888888888888888888888822299333993333339333333333399333333339999999933999333333333333333333322222222282222288222228222888888822222888888228888888828888888888888888888888888888888888888888888888888
8888888888888888888888888888888888888888888888888888888888888888888888888888888822222933399333333333133333339993333333333333999333993333333333333333333392222222222222288822228222288888222222882888228888882228888888888888888888888888888888888888888888888888
8888888888888888888888888888888888888888888888888888888888888888888888888888888222933333993333333331113333333333333333333333399333333333333333331111113332222222222222222222222822882222222882228888888822222228888888888888888888888888888888888888888888888888
8888888888888888888888888888888888888888888888888888888888888888888888888888882229333333393333333311111113133333333333333333333333333333333311111111113339222222222222222222222822888222222882228888888822222228888888888888888888888888888888888888888888888888
8888888888888888888888888888888888888888888888888888888888888888888888888888822993333333393333333333311113333113333333333333333333333333331111111111111333922222222222222222282222222222222222228828888822228828888888888888888888888888888888888888888888888888
8888888888888888888888888888888888888888888888888888888888888888888888888888229333333333333333333333111111111113331111111133333333333331111111111111111333392222222222222222282222222222222222228828888822222288888888888888888888888888888888888888888888888888
8888888888888888888888888888888888888888888888888888888888888888888888888822293333333333333333333333111111111111111117171111111111111111771111111111111133339222222222222222222228882288888888888882282222282228888888888888888888888888888888888888888888888888
8888888888888888888888888888888888888888888888888888888888888888888888888822933333333333399333333333333111111111111771111111111111111177711111111111111133333922222222222222228888882222288888888882222222282228888888888888888888888888888888888888888888888888
8888888888888888888888888888888888888888888888888888888888888888888888888229333333333333393333333333333333111111111111111111777777777777711111111111111113333922222222222222222888222288888888888882222222288228888888888888888888888888888888888888888888888888
8888888888888888888888888888888888888888888888888888888888888888888888882293333333333333333333333333333333333333111111111117777777777777711111111111111113333322222222222222222888222288888888888882222222282228888888888888888888888888888888888888888888888888
8888888888888888888888888888888888888888888888888888888888888888888888822933333333333333333333333333333333333333331111111111177177777777711111111111113333333392222222222222228822222822888822288822222222888288888888888888888888888888888888888888888888888888
8888888888888888888888888888888888888888888888888888888888888888888888222333333333333333333333333111133333333333331111111111111111111111111111111113333333333392222222222222228822222822888822288822222222222828888888888888888888888888888888888888888888888888
8888888888888888888888888888888888888888888888888888888888888888888882293333333333333333333333333111111113333333333111111111111111111111111111111113333333333392222222228228228822222228888822222882222222222228888888888888888888888888888888888888888888888888
8888888888888888888888888888888888888888888888888888888888888888888822933333333333333333333993333111111113333333333331111111113333333333331111111333333333333392222222228222228822222228888822222882222222222228888888888888888888888888888888888888888888888888
8888888888888888888888888888888888888888888888888888888888888888888829333333333333333333333393333311111111111333333333111111333333333333333111133333333333333392222222222222222222222222222822282222222222222228888888888888888888888888888888888888888888888888
8888888888888888888888888888888888888888888888888888888888888888888223333333333333333333333393333333111111113333333333311111333333333333331111333333333333333339222222222222222222222222222822282222222222282228888888888888888888888888888888888888888888888888
8888888888888888888888888888888888888888888888888888888888888888882233333333333333333333333333333333331111111113333333311111133333333333331113333333333333333339222222222222222222222222222888888222222222222228888888888888888888888888888888888888888888888888
8888888888888888888888888888888888888888888888888888888888888888822933333333333333333333333333993333333111111113333333333311133333333333311133333333333333333332222222222228222222222222222888882222222222222228888888888888888888888888888888888888888888888888
8888888888888888888888888888888888888888888888888888888888888888229333333333333333333333333333333333333311111111333333333333333333333333331133333333333333333332222222222222222222222222222228888222222228822228888888888888888888888888888888888888888888888888
8888888888888888888888888888888888888888888888888888888888888882293333333333333333333333333333333333333333311111333333333333333333333333333333333333333333333332222222222222222222222222222228228222222222222228888888888888888888888888888888888888888888888888
8888888888888888888888888888888888888888888888888888888888888822933333333333333333333333333333333333333333331111133333333333333333333333333333333333333333333339222222222222222222222282222222222222222222882228888888888888888888888888888888888888888888888888
8888888888888888888888888888888888888888888888888888888888888822933333333333333333333333333333333333333333333311113333333333333333399333333333333333333333333339222222222222222222222222222222222222222222222228888888888888888888888888888888888888888888888888
8888888888888888888888888888888888888888888888888888888888888829333333333333333333333333333333333333333333333331111133333333333333399399333333333333333333333339222222222222222222222222222222282222222222222228888888888888888888888888888888888888888888888888
8888888888888888888888888888888888888888888888888888888888882229333333333333333333333333333333333333333333333333111133333333333933333333333333333333333333333339222222222222222222222222222222282222222222222228888888888888888888888888888888888888888888888888
8888888888888888888888888888888888888888888888888888888888882293333333333333333333333933333333333333339993333333111113333333333333333333333333333333333333333392222222222222222222222222222222222222222222222228888888888888888888888888888888888888888888888888
8888888888888888888888888888888888888888888888888888888888822933333333333333333333339993333333333333333333333333311111333333333333333333333333393333333333333922222222222222222222222222222222222222222222222228888888888888888888888888888888888888888888888888
8888888888888888888888888888888888888888888888888888888888229333333333333333333333333333333333333333333333333333331111133333333333333333333333333333333333333322222222222222222222222222222222222222222222222228888888888888888888888888888888888888888888888888
8888888888888888888888888888888888888888888888888888888888229333333333333333333333333333333333333333333333333333333111111333333333333333333333933333333333333392222222222222222222222222222222222222222222222228888888888888888888888888888888888888888888888888
8888888888888888888888888888888888888888888888888888888888223333333333333333333333333333333333333333333333333333333111111133333333333333333339933333333333333392222222222222222222222222222222222222222222222228888888888888888888888888888888888888888888888888
8888888888888888888888888888888888888888888888888888888822293333333333333333333333333333333333333333333333333333333311111133333333333399333333933333333333333922222222222222222222222222222222222222222222222228888888888888888888888888888888888888888888888888
8888888888888888888888888888888888888888888888888888888822233333333333333333399999933333333333333333333333333333333331111113333333333339993333333333333333333922222222222222222222222222222222222222222222222228888888888888888888888888888888888888888888888888
8888888888888888888888888888888888888888888888888888888822933333333333333333333339999333333333333333333333333333333333111111333333999339933333333333333333333922222222222222222222222222222222222222222222222228888888888888888888888888888888888888888888888888
8888888888888888888888888888888888888888888888888888888222333999933393333333333333333333333333333333333333333333333333111111133333333333333333331333333333333922222222222222222222222222222222222222222222222228888888888888888888888888888888888888888888888888
8888888888888888888888888888888888888888888888888888888222333999939999999999333333333333333333333333333333333333333333311111111333333339333333111333933333333222222222222222222222222222222222222222222222222228888888888888888888888888888888888888888888888888
8888888888888888888888888888888888888888888888888888822293333333333399999999933333111333333333333333333333333333311333331111111133333333333333133333333333333222222222222222222222222222222222222222222222222228888888888888888888888888888888888888888888888888
8888888888888888888888888888888888888888888888888888822233333333333333999999999333331111333333331133331133333333311333333333311113333333333333333333333333333222222222222222222222222222222222222222222222222228888888888888888888888888888888888888888888888888
8888888888888888888888888888888888888888888888888882222933333333333333339999999333333111113333333111331133331333331333333333331113333333333333333333311333333222222222222222222222222222222222222222222222222228888888888888888888888888888888888888888888888888
8888888888888888888888888888888888888888888888888888229333393333333333333333333333333331111111133311133111111133331133333333331113333333333333333333313333333222222222222222222222222222222222222222222222222228888888888888888888888888888888888888888888888888
8888888888888888888888888888888888888888888888888222223333999933333333333333333333333333111111133333133111111113333113399333331111111331333333333333333333339222222222222222222222222222222222222222222222222228888888888888888888888888888888888888888888888888
8888888888888888888888888888888888888888888888888222293339999993333333333311333113333333311111113133113333331113333311339933333111111333333993333333333333339222222222222222222222222222222222222222222222222228888888888888888888888888888888888888888888888888
8888888888888888888888888888888888888888888888888222293333999999939333333333333333311111111111111111133333333113333311333933333333333333333333333333333333339222222222222222222222222222222222222222222222222228888888888888888888888888888888888888888888888888
8888888888888888888888888888888888888888888888888222993333999939999999333333333333331111111111111111111333331113333331333333333333333333333333333333333333339222222222222222222222222222222222222222222222222228888888888888888888888888888888888888888888888888
8888888888888888888888888888888888888888888888888222933333393333339993333333333333311111111111111111113333311113333333333993393333333333333933333333333333339222222222222222222222222222222222222222222222222228888888888888888888888888888888888888888888888888
8888888888888888888888888888888888888888888888882222933333333333333333333993333311111111111111111111133333311113333333333393399939933333333333333333333333339222222222222222222222222222222222222222222222222228888888888888888888888888888888888888888888888888
8888888888888888888888888888888888888888888888889333333333333333333333999933333111111111133331111111111133311113333333333333399993393333333133333333333333339222222222222222222222222222222222222999222999222222888888888888888888888888888888888888888888888888
8888888888888888888888888888888888888888888888883333333333333113333339993333111111111333333333111111111333333333333333333333339933333333933113333333333333339222222222999999933339933333333333333333333333333339888888888888888888888888888888888888888888888888
8888888888888888888888888888888888888888888888883333111331331111333333333331111111333333333333113333111113333331333333333333333333333333333113333333333333333933333333333333333333333331133311333333333331113333888888888888888888888888888888888888888888888888
8888888888888888888888888888888888888888888888883333111111111111111133333333331133333333333333333333333333333111133333333333333339933333333333333333333333333331111131111133111113333331111111113331333333111133888888888888888888888888888888888888888888888888
8888888888888888888888888888888888888888888888883331111111111111111113333311111333333333333311333333333333331111113333333933333339933333333333333333333333311111111111111111111111113331111111111311311113111113888888888888888888888888888888888888888888888888
8888888888888888888888888888888888888888888888883113111111111111111111111333333333333333333313333333333333333311113333333933333333333333333333333333333333311111111111111111111111111111111113331111111111131113888888888888888888888888888888888888888888888888
8888888888888888888888888888888888888888888888883331111111111111111111111333333333333333333333333333333333333311113333333333333333333333393333333333333333311111111111111111111111111111111113333111111111113113888888888888888888888888888888888888888888888888
8888888888888888888888888888888888888888888888883311111111111111111111111113333333333333333333333333333333333331113333333333333333333333933333333111331333111111111111111111111111111111111111133111111111111113888888888888888888888888888888888888888888888888
8888888888888888888888888888888888888888888888883111111111111111111111111111113333333333333333333333333333333333113333333333333333333333333331111111111111111111111111111111111111111111111111111111111111111113888888888888888888888888888888888888888888888888
8888888888888888888888888888888888888888888888883111111111111111111111111111111111333333933333333333331333333333333313113333333333333111133331133111111111111111111111111111111111111111111111111111111111111113888888888888888888888888888888888888888888888888
8888888888888888888888888888888888888888888888883111111111111111111111111111111111133333333333333333333333333333331111113331133333311111113331133331111111111111111111111111111111111111111111111111111111111113888888888888888888888888888888888888888888888888
8888888888888888888888888888888888888888888888883111111111111111111111111111111111113333333333333333333333333333333111113331113333111111113333333331111111111111111111111111111111111111111111111111111111111113888888888888888888888888888888888888888888888888
8888888888888888888888888888888888888888888888883111111111111111111111111111111111111133333333333333393333333333333311113311113333111111113333333331111111111111111111111111111111111131111111111111111111111113888888888888888888888888888888888888888888888888
8888888888888888888888888888888888888888888888883111111111111111111111111111111111111111333333333333333333333333333311113311111111111133333333333311111111111111111111111111111111111131111111111111111111111113888888888888888888888888888888888888888888888888
8888888888888888888888888888888888888888888888883111111111111111111111111111111111111111333393333333393333333333333331111111111111111133333333333311111111111111111111111111111111111111111111111111111111111113888888888888888888888888888888888888888888888888
8888888888888888888888888888888888888888888888883111111111111111111111111111111111111111133999333333993333333333333333111111111111111133333333333111111111111111111111111111111111111111111111111111111111111113888888888888888888888888888888888888888888888888
8888888888888888888888888888888888888888888888883111111111111111111111111111111111111111113339993333933333333333333333111111111113333333333333331111111111111111111111111111111111111111111111111111111111111113888888888888888888888888888888888888888888888888
8888888888888888888888888888888888888888888888883111111111111111111111111111111111111111111339933333933339933333333333333111111333333333333333331111111111111111111111111111111111111111111111111111111111111113888888888888888888888888888888888888888888888888
8888888888888888888888888888888888888888888888883111111111111111111111111111111111111111111133333333333399333333333333333333133333331333333333311111111111111111111111111111111111111111111111111111111111111113888888888888888888888888888888888888888888888888
8888888888888888888888888888888888888888888888883111111111111111111111111111111111111111111133333333333333333333333333333333333333333333333333111111111111111111111111111111111111111111111111111111111111111113888888888888888888888888888888888888888888888888
8888888888888888888888888888888888888888888888883111111111111111111111111111111111111111111111333333993333333333333333333333333333133333333333111111111111111111111111111111111111111111111111111111111111111133888888888888888888888888888888888888888888888888
8888888888888888888888888888888888888888888888883111111111111111111111111111111111111111111111133339933339933333333333333333333333333313333333111111111111111111111111111111111111111111111111111111111111131133888888888888888888888888888888888888888888888888
8888888888888888888888888888888888888888888888883111111111111111111111111111111111111111111111133339333999933333333333333333333331133333331331111111111111111111111111111111111111111111111111111131111311111113888888888888888888888888888888888888888888888888
8888888888888888888888888888888888888888888888883111111111111111111111111111111111111111111111113333339999333333333333333333333331133333331331111111111111111111111111111111111111111111111111111111111111111113888888888888888888888888888888888888888888888888
8888888888888888888888888888888888888888888888883111111111111111111111111111111111111111111111111333999993333339933333333333333333133333333331111111111111111111111111111111111111111111111111111111111111111113888888888888888888888888888888888888888888888888
8888888888888888888888888888888888888888888888883111111111111111111111111111111111111111111111111333999333333339933333333333333333313333333311111111111111111111111111111111111111111111111111111111111111111113888888888888888888888888888888888888888888888888
8888888888888888888888888888888888888888888888883111133111111111111111111111111111111111111111111133933333339999333333333333333333333333333311111111111111111111111111111111111111111111111111111111111111111113888888888888888888888888888888888888888888888888
8888888888888888888888888888888888888888888888883311133313311111111111111111111111111111111111111133333933399933333333333333333333333333333311111111111111111111111111111111111113111111111111111111111331111113888888888888888888888888888888888888888888888888
8888888888888888888888888888888888888888888888883111111111111111111111111111111111111111111111111113333933999333333333333333333333333333333111111111111111111111111111111111331111111111111111111111111131111113888888888888888888888888888888888888888888888888
8888888888888888888888888888888888888888888888883111111111111111111113331111111111111111111111111111333333993333333333333333333333333333333111111111111111111111111111111111111111111111111111111111111111111113888888888888888888888888888888888888888888888888
8888888888888888888888888888888888888888888888883111111111111111111111111111111113111331111111111111333399333333333333333333333333333333333111111111111111111111111111111111111111111111111111111111111111111113888888888888888888888888888888888888888888888888
8888888888888888888888888888888888888888888888883111111111111111111111111111111111111111111111111111133333333333333333333333333333333333331111111111111111111111111111111111111111111111111111111111111111111113888888888888888888888888888888888888888888888888
8888888888888888888888888888888888888888888888883111131131111111111111111111111111111111111111111111113333333333333333313333333333333333331111111111111111111111111111111111111111111111111111111111111111111113888888888888888888888888888888888888888888888888
8888888888888888888888888888888888888888888888883333333331111111111111111111111111111111111111111111113339333333333333333333333333333333331111111111111111111111111111111111111111111111111111111111111111111113888888888888888888888888888888888888888888888888
8888888888888888888888888888888888888888888888883111311311111111111111111111111111111111111111111111111339933333333333311333333333333333331111111111111111111111111111111111111111111111111111111111111111111113888888888888888888888888888888888888888888888888
8888888888888888888888888888888888888888888888883111111111111111111111111111111111111111111111111111111333333333333333331333333333333333311111111111111111111111111111111111111111111111111111111111111111111113888888888888888888888888888888888888888888888888
8888888888888888888888888888888888888888888888883111111111111111111111111111111111111111111111111111111133333333333333331333333333333333311111111111111111111111111111111111331111111111111111111111111111111113888888888888888888888888888888888888888888888888
8888888888888888888888888888888888888888888888883111111111111111111111111111111111111111111111111111111133333333333333331333333333333333331111111111111111111111111111111111331111111111111111111111111111111113888888888888888888888888888888888888888888888888
8888888888888888888888888888888888888888888888888888888888888888888888888888888888888888888888888888888888888888888888888888888888888888888888888888888888888888888888888888888888888888888888888888888888888888888888888888888888888888888888888888888888888888
8888888888888888888888888888888888888888888888888888888888888888888888888888888888888888888888888888888888888888888888888888888888888888888888888888888888888888888888888888888888888888888888888888888888888888888888888888888888888888888888888888888888888888
8888888888888888888888888888888888888888888888888888888888888888888888888888888888888888888888888888888888888888888888888888888888888888888888888888888888888888888888888888888888888888888888888888888888888888888888888888888888888888888888888888888888888888
8888888888888888888888888888888888888888888888888888888888888888888888888888888888888888888888888888888888888888888888888888888888888888888888888888888888888888888888888888888888888888888888888888888888888888888888888888888888888888888888888888888888888888
8888888888888888888888888888888888888888888888888888888888888888888888888888888888888888888888888888888888888888888888888888888888888888888888888888888888888888888888888888888888888888888888888888888888888888888888888888888888888888888888888888888888888888
8888888888888888888888888888888888888888888888888888888888888888888888888888888888888888888888888888888888888888888888888888888888888888888888888888888888888888888888888888888888888888888888888888888888888888888888888888888888888888888888888888888888888888
8888888888888888888888888888888888888888888888888888888888888888888888888888888888888888888888888888888888888888888888888888888888888888888888888888888888888888888888888888888888888888888888888888888888888888888888888888888888888888888888888888888888888888
8888888888888888888888888888888888888888888888888888888888888888888888888888888888888888888888888888888888888888888888888888888888888888888888888888888888888888888888888888888888888888888888888888888888888888888888888888888888888888888888888888888888888888
8888888888888888888888888888888888888888888888888888888888888888888888888888888888888888888888888888888888888888888888888888888888888888888888888888888888888888888888888888888888888888888888888888888888888888888888888888888888888888888888888888888888888888
8888888888888888888888888888888888888888888888888888888888888888888888888888888888888888888888888888888888888888888888888888888888888888888888888888888888888888888888888888888888888888888888888888888888888888888888888888888888888888888888888888888888888888
8888888888888888888888888888888888888888888888888888888888888888888888888888888888888888888888888888888888888888888888888888888888888888888888888888888888888888888888888888888888888888888888888888888888888888888888888888888888888888888888888888888888888888
8888888888888888888888888888888888888888888888888888888888888888888888888888888888888888888888888888888888888888888888888888888888888888888888888888888888888888888888888888888888888888888888888888888888888888888888888888888888888888888888888888888888888888
8888888888888888888888888888888888888888888888888888888888888888888888888888888888888888888888888888888888888888888888888888888888888888888888888888888888888888888888888888888888888888888888888888888888888888888888888888888888888888888888888888888888888888
8888888888888888888888888888888888888888888888888888888888888888888888888888888888888888888888888888888888888888888888888888888888888888888888888888888888888888888888888888888888888888888888888888888888888888888888888888888888888888888888888888888888888888
8888888888888888888888888888888888888888888888888888888888888888888888888888888888888888888888888888888888888888888888888888888888888888888888888888888888888888888888888888888888888888888888888888888888888888888888888888888888888888888888888888888888888888
8888888888888888888888888888888888888888888888888888888888888888888888888888888888888888888888888888888888888888888888888888888888888888888888888888888888888888888888888888888888888888888888888888888888888888888888888888888888888888888888888888888888888888
8888888888888888888888888888888888888888888888888888888888888888888888888888888888888888888888888888888888888888888888888888888888888888888888888888888888888888888888888888888888888888888888888888888888888888888888888888888888888888888888888888888888888888
8888888888888888888888888888888888888888888888888888888888888888888888888888888888888888888888888888888888888888888888888888888888888888888888888888888888888888888888888888888888888888888888888888888888888888888888888888888888888888888888888888888888888888
8888888888888888888888888888888888888888888888888888888888888888888888888888888888888888888888888888888888888888888888888888888888888888888888888888888888888888888888888888888888888888888888888888888888888888888888888888888888888888888888888888888888888888
8888888888888888888888888888888888888888888888888888888888888888888888888888888888888888888888888888888888888888888888888888888888888888888888888888888888888888888888888888888888888888888888888888888888888888888888888888888888888888888888888888888888888888
8888888888888888888888888888888888888888888888888888888888888888888888888888888888888888888888888888888888888888888888888888888888888888888888888888888888888888888888888888888888888888888888888888888888888888888888888888888888888888888888888888888888888888
8888888888888888888888888888888888888888888888888888888888888888888888888888888888888888888888888888888888888888888888888888888888888888888888888888888888888888888888888888888888888888888888888888888888888888888888888888888888888888888888888888888888888888
8888888888888888888888888888888888888888888888888888888888888888888888888888888888888888888888888888888888888888888888888888888888888888888888888888888888888888888888888888888888888888888888888888888888888888888888888888888888888888888888888888888888888888
8888888888888888888888888888888888888888888888888888888888888888888888888888888888888888888888888888888888888888888888888888888888888888888888888888888888888888888888888888888888888888888888888888888888888888888888888888888888888888888888888888888888888888
8888888888888888888888888888888888888888888888888888888888888888888888888888888888888888888888888888888888888888888888888888888888888888888888888888888888888888888888888888888888888888888888888888888888888888888888888888888888888888888888888888888888888888
8888888888888888888888888888888888888888888888888888888888888888888888888888888888888888888888888888888888888888888888888888888888888888888888888888888888888888888888888888888888888888888888888888888888888888888888888888888888888888888888888888888888888888
8888888888888888888888888888888888888888888888888888888888888888888888888888888888888888888888888888888888888888888888888888888888888888888888888888888888888888888888888888888888888888888888888888888888888888888888888888888888888888888888888888888888888888
8888888888888888888888888888888888888888888888888888888888888888888888888888888888888888888888888888888888888888888888888888888888888888888888888888888888888888888888888888888888888888888888888888888888888888888888888888888888888888888888888888888888888888
8888888888888888888888888888888888888888888888888888888888888888888888888888888888888888888888888888888888888888888888888888888888888888888888888888888888888888888888888888888888888888888888888888888888888888888888888888888888888888888888888888888888888888
8888888888888888888888888888888888888888888888888888888888888888888888888888888888888888888888888888888888888888888888888888888888888888888888888888888888888888888888888888888888888888888888888888888888888888888888888888888888888888888888888888888888888888
8888888888888888888888888888888888888888888888888888888888888888888888888888888888888888888888888888888888888888888888888888888888888888888888888888888888888888888888888888888888888888888888888888888888888888888888888888888888888888888888888888888888888888
8888888888888888888888888888888888888888888888888888888888888888888888888888888888888888888888888888888888888888888888888888888888888888888888888888888888888888888888888888888888888888888888888888888888888888888888888888888888888888888888888888888888888888
8888888888888888888888888888888888888888888888888888888888888888888888888888888888888888888888888888888888888888888888888888888888888888888888888888888888888888888888888888888888888888888888888888888888888888888888888888888888888888888888888888888888888888
8888888888888888888888888888888888888888888888888888888888888888888888888888888888888888888888888888888888888888888888888888888888888888888888888888888888888888888888888888888888888888888888888888888888888888888888888888888888888888888888888888888888888888
8888888888888888888888888888888888888888888888888888888888888888888888888888888888888888888888888888888888888888888888888888888888888888888888888888888888888888888888888888888888888888888888888888888888888888888888888888888888888888888888888888888888888888
8888888888888888888888888888888888888888888888888888888888888888888888888888888888888888888888888888888888888888888888888888888888888888888888888888888888888888888888888888888888888888888888888888888888888888888888888888888888888888888888888888888888888888
8888888888888888888888888888888888888888888888888888888888888888888888888888888888888888888888888888888888888888888888888888888888888888888888888888888888888888888888888888888888888888888888888888888888888888888888888888888888888888888888888888888888888888
8888888888888888888888888888888888888888888888888888888888888888888888888888888888888888888888888888888888888888888888888888888888888888888888888888888888888888888888888888888888888888888888888888888888888888888888888888888888888888888888888888888888888888
8888888888888888888888888888888888888888888888888888888888888888888888888888888888888888888888888888888888888888888888888888888888888888888888888888888888888888888888888888888888888888888888888888888888888888888888888888888888888888888888888888888888888888
8888888888888888888888888888888888888888888888888888888888888888888888888888888888888888888888888888888888888888888888888888888888888888888888888888888888888888888888888888888888888888888888888888888888888888888888888888888888888888888888888888888888888888
8888888888888888888888888888888888888888888888888888888888888888888888888888888888888888888888888888888888888888888888888888888888888888888888888888888888888888888888888888888888888888888888888888888888888888888888888888888888888888888888888888888888888888
8888888888888888888888888888888888888888888888888888888888888888888888888888888888888888888888888888888888888888888888888888888888888888888888888888888888888888888888888888888888888888888888888888888888888888888888888888888888888888888888888888888888888888
8888888888888888888888888888888888888888888888888888888888888888888888888888888888888888888888888888888888888888888888888888888888888888888888888888888888888888888888888888888888888888888888888888888888888888888888888888888888888888888888888888888888888888
8888888888888888888888888888888888888888888888888888888888888888888888888888888888888888888888888888888888888888888888888888888888888888888888888888888888888888888888888888888888888888888888888888888888888888888888888888888888888888888888888888888888888888
8888888888888888888888888888888888888888888888888888888888888888888888888888888888888888888888888888888888888888888888888888888888888888888888888888888888888888888888888888888888888888888888888888888888888888888888888888888888888888888888888888888888888888
8888888888888888888888888888888888888888888888888888888888888888888888888888888888888888888888888888888888888888888888888888888888888888888888888888888888888888888888888888888888888888888888888888888888888888888888888888888888888888888888888888888888888888
8888888888888888888888888888888888888888888888888888888888888888888888888888888888888888888888888888888888888888888888888888888888888888888888888888888888888888888888888888888888888888888888888888888888888888888888888888888888888888888888888888888888888888
8888888888888888888888888888888888888888888888888888888888888888888888888888888888888888888888888888888888888888888888888888888888888888888888888888888888888888888888888888888888888888888888888888888888888888888888888888888888888888888888888888888888888888
</p>
</body>
</html>
